# JRE version: OpenJDK Runtime Environment Temurin-17.0.8.1+1 (17.0.8.1+1) (build 17.0.8.1+1)
# Java VM: OpenJDK 64-Bit Server VM Temurin-17.0.8.1+1 (17.0.8.1+1, mixed mode, emulated-client, tiered, compressed oops, compressed class ptrs, g1 gc, windows-amd64)
GC Precious Log:
 CPUs: 8 total, 8 available
 Memory: 16254M
 Large Page Support: Disabled
 NUMA Support: Disabled
 Compressed Oops: Enabled (Zero based)
 Heap Region Size: 2M
 Heap Min Capacity: 8M
 Heap Initial Capacity: 254M
 Heap Max Capacity: 4064M
 Pre-touch: Disabled
 Parallel Workers: 8
 Concurrent Workers: 2
 Concurrent Refinement Workers: 8
 Periodic GC: Disabled
Heap:
 garbage-first heap   total 49152K, used 18278K [0x0000000702000000, 0x0000000800000000)
  region size 2048K, 5 young (10240K), 1 survivors (2048K)
 Metaspace       used 27151K, committed 27392K, reserved 1114112K
  class space    used 3291K, committed 3392K, reserved 1048576K
GC Heap History (10 events):
Event: 1.012 GC heap before
{Heap before GC invocations=0 (full 0):
 garbage-first heap   total 260096K, used 20480K [0x0000000702000000, 0x0000000800000000)
  region size 2048K, 11 young (22528K), 0 survivors (0K)
 Metaspace       used 14150K, committed 14336K, reserved 1114112K
  class space    used 1463K, committed 1536K, reserved 1048576K
}
Event: 1.018 GC heap after
{Heap after GC invocations=1 (full 0):
 garbage-first heap   total 260096K, used 8081K [0x0000000702000000, 0x0000000800000000)
  region size 2048K, 2 young (4096K), 2 survivors (4096K)
 Metaspace       used 14150K, committed 14336K, reserved 1114112K
  class space    used 1463K, committed 1536K, reserved 1048576K
}
Event: 2.809 GC heap before
{Heap before GC invocations=1 (full 0):
 garbage-first heap   total 260096K, used 24465K [0x0000000702000000, 0x0000000800000000)
  region size 2048K, 10 young (20480K), 2 survivors (4096K)
 Metaspace       used 17996K, committed 18240K, reserved 1114112K
  class space    used 2032K, committed 2176K, reserved 1048576K
}
Event: 2.813 GC heap after
{Heap after GC invocations=2 (full 0):
 garbage-first heap   total 260096K, used 9518K [0x0000000702000000, 0x0000000800000000)
  region size 2048K, 1 young (2048K), 1 survivors (2048K)
 Metaspace       used 17996K, committed 18240K, reserved 1114112K
  class space    used 2032K, committed 2176K, reserved 1048576K
}
Event: 3.040 GC heap before
{Heap before GC invocations=2 (full 0):
 garbage-first heap   total 260096K, used 23854K [0x0000000702000000, 0x0000000800000000)
  region size 2048K, 10 young (20480K), 1 survivors (2048K)
 Metaspace       used 21267K, committed 21504K, reserved 1114112K
  class space    used 2524K, committed 2624K, reserved 1048576K
}
Event: 3.042 GC heap after
{Heap after GC invocations=3 (full 0):
 garbage-first heap   total 260096K, used 10426K [0x0000000702000000, 0x0000000800000000)
  region size 2048K, 2 young (4096K), 2 survivors (4096K)
 Metaspace       used 21267K, committed 21504K, reserved 1114112K
  class space    used 2524K, committed 2624K, reserved 1048576K
}
Event: 3.259 GC heap before
{Heap before GC invocations=4 (full 0):
 garbage-first heap   total 49152K, used 32954K [0x0000000702000000, 0x0000000800000000)
  region size 2048K, 14 young (28672K), 2 survivors (4096K)
 Metaspace       used 25435K, committed 25792K, reserved 1114112K
  class space    used 3142K, committed 3328K, reserved 1048576K
}
Event: 3.263 GC heap after
{Heap after GC invocations=5 (full 0):
 garbage-first heap   total 49152K, used 11904K [0x0000000702000000, 0x0000000800000000)
  region size 2048K, 2 young (4096K), 2 survivors (4096K)
 Metaspace       used 25435K, committed 25792K, reserved 1114112K
  class space    used 3142K, committed 3328K, reserved 1048576K
}
Event: 3.274 GC heap before
{Heap before GC invocations=5 (full 0):
 garbage-first heap   total 49152K, used 13952K [0x0000000702000000, 0x0000000800000000)
  region size 2048K, 3 young (6144K), 2 survivors (4096K)
 Metaspace       used 25812K, committed 26112K, reserved 1114112K
  class space    used 3170K, committed 3328K, reserved 1048576K
}
Event: 3.278 GC heap after
{Heap after GC invocations=6 (full 0):
 garbage-first heap   total 49152K, used 12134K [0x0000000702000000, 0x0000000800000000)
  region size 2048K, 1 young (2048K), 1 survivors (2048K)
 Metaspace       used 25812K, committed 26112K, reserved 1114112K
  class space    used 3170K, committed 3328K, reserved 1048576K
}

